C:\Program Files (x86)\Microsoft Visual Studio\2019\Community\MSBuild\Microsoft\VC\v160\Microsoft.CppBuild.targets(499,5): warning MSB8004: Output Directory does not end with a trailing slash.  This build instance will add the slash as it is required to allow proper evaluation of the Output Directory.
  bgmusic.c
  cd_sdl.c
  Warning: SDL CDAudio support disabled
  cfgfile.c
  chase.c
D:\Documents\GitHub\Quakespasm-CVmod\Quake\chase.c(156,9): warning C4101: 'dir': unreferenced local variable
D:\Documents\GitHub\Quakespasm-CVmod\Quake\chase.c(155,9): warning C4101: 'spot2': unreferenced local variable
  cl_demo.c
  cl_input.c
D:\Documents\GitHub\Quakespasm-CVmod\Quake\cl_input.c(496,24): warning C4013: 'Sign' undefined; assuming extern returning int
D:\Documents\GitHub\Quakespasm-CVmod\Quake\cl_input.c(480,8): warning C4101: 'ang': unreferenced local variable
  cl_main.c
  cl_parse.c
  cl_tent.c
  cmd.c
  common.c
D:\Documents\GitHub\Quakespasm-CVmod\Quake\common.c(2442,17): warning C4018: '<': signed/unsigned mismatch
  console.c
  crc.c
  cvar.c
  fs_zip.c
  zips supported but with no zlib
  gl_draw.c
D:\Documents\GitHub\Quakespasm-CVmod\Quake\gl_draw.c(267,15): warning C4018: '<': signed/unsigned mismatch
D:\Documents\GitHub\Quakespasm-CVmod\Quake\gl_draw.c(269,16): warning C4018: '<': signed/unsigned mismatch
  gl_fog.c
  gl_mesh.c
D:\Documents\GitHub\Quakespasm-CVmod\Quake\gl_mesh.c(1053,80): warning C4018: '<': signed/unsigned mismatch
D:\Documents\GitHub\Quakespasm-CVmod\Quake\gl_mesh.c(1079,17): warning C4018: '<': signed/unsigned mismatch
  gl_model.c
D:\Documents\GitHub\Quakespasm-CVmod\Quake\gl_model.c(553,12): warning C4018: '<': signed/unsigned mismatch
D:\Documents\GitHub\Quakespasm-CVmod\Quake\gl_model.c(626,20): warning C4018: '>': signed/unsigned mismatch
D:\Documents\GitHub\Quakespasm-CVmod\Quake\gl_model.c(766,21): warning C4018: '>=': signed/unsigned mismatch
D:\Documents\GitHub\Quakespasm-CVmod\Quake\gl_model.c(1074,16): warning C4018: '<': signed/unsigned mismatch
D:\Documents\GitHub\Quakespasm-CVmod\Quake\gl_model.c(1102,17): warning C4018: '<': signed/unsigned mismatch
D:\Documents\GitHub\Quakespasm-CVmod\Quake\gl_model.c(1124,17): warning C4018: '<': signed/unsigned mismatch
  gl_refrag.c
  Compiling...
  gl_rlight.c
  gl_rmain.c
  gl_rmisc.c
  gl_screen.c
D:\Documents\GitHub\Quakespasm-CVmod\Quake\gl_screen.c(586,10): warning C4101: 'movementvec': unreferenced local variable
  gl_sky.c
D:\Documents\GitHub\Quakespasm-CVmod\Quake\gl_sky.c(134,15): warning C4018: '<': signed/unsigned mismatch
D:\Documents\GitHub\Quakespasm-CVmod\Quake\gl_sky.c(147,15): warning C4018: '<': signed/unsigned mismatch
  gl_texmgr.c
  gl_vidsdl.c
D:\Documents\GitHub\Quakespasm-CVmod\Quake\gl_vidsdl.c(925,42): warning C4098: 'GL_PrintNiceExtensionsList': 'void' function returning a value
  gl_warp.c
  host.c
  host_cmd.c
  image.c
  in_sdl.c
  keys.c
  main_sdl.c
  mathlib.c
D:\Documents\GitHub\Quakespasm-CVmod\Quake\mathlib.c(410,9): warning C4101: 'normalized': unreferenced local variable
  menu.c
  net_dgrm.c
  net_loop.c
  net_main.c
  net_win.c
  Compiling...
  net_wins.c
  net_wipx.c
  pl_win.c
  pr_cmds.c
  pr_edict.c
  pr_exec.c
D:\Documents\GitHub\Quakespasm-CVmod\Quake\pr_exec.c(365,20): warning C4018: '>=': signed/unsigned mismatch
  pr_ext.c
D:\Documents\GitHub\Quakespasm-CVmod\Quake\pr_ext.c(3704,16): warning C4018: '<': signed/unsigned mismatch
D:\Documents\GitHub\Quakespasm-CVmod\Quake\pr_ext.c(6820,15): warning C4018: '<': signed/unsigned mismatch
  r_alias.c
  r_brush.c
D:\Documents\GitHub\Quakespasm-CVmod\Quake\r_brush.c(54,8): warning C4101: 'texturespeed': unreferenced local variable
  r_part.c
  r_part_fte.c
  r_sprite.c
  r_world.c
  sbar.c
  snd_codec.c
  snd_dma.c
  snd_flac.c
  snd_mem.c
  snd_mikmod.c
  snd_mix.c
  Compiling...
  snd_modplug.c
  snd_mp3.c
  snd_mp3tag.c
  snd_opus.c
  snd_sdl.c
  snd_umx.c
  snd_voip.c
  snd_vorbis.c
  snd_wave.c
  snd_xmp.c
  sv_main.c
D:\Documents\GitHub\Quakespasm-CVmod\Quake\sv_main.c(52,15): warning C4090: 'function': different 'const' qualifiers
D:\Documents\GitHub\Quakespasm-CVmod\Quake\sv_main.c(1934,29): warning C4018: '>': signed/unsigned mismatch
D:\Documents\GitHub\Quakespasm-CVmod\Quake\sv_main.c(3060,12): warning C4018: '<': signed/unsigned mismatch
D:\Documents\GitHub\Quakespasm-CVmod\Quake\sv_main.c(3071,13): warning C4018: '<': signed/unsigned mismatch
D:\Documents\GitHub\Quakespasm-CVmod\Quake\sv_main.c(3079,12): warning C4018: '<': signed/unsigned mismatch
D:\Documents\GitHub\Quakespasm-CVmod\Quake\sv_main.c(3090,13): warning C4018: '<': signed/unsigned mismatch
  sv_move.c
  sv_phys.c
  sv_user.c
D:\Documents\GitHub\Quakespasm-CVmod\Quake\sv_user.c(360,10): warning C4101: 'wish_vec': unreferenced local variable
  sys_sdl_win.c
D:\Documents\GitHub\Quakespasm-CVmod\Quake\sys_sdl_win.c(249,7): warning C4996: 'GetVersionExA': was declared deprecated
  view.c
  wad.c
D:\Documents\GitHub\Quakespasm-CVmod\Quake\wad.c(103,70): warning C4018: '>': signed/unsigned mismatch
D:\Documents\GitHub\Quakespasm-CVmod\Quake\wad.c(109,34): warning C4018: '<': signed/unsigned mismatch
D:\Documents\GitHub\Quakespasm-CVmod\Quake\wad.c(149,32): warning C4018: '<': signed/unsigned mismatch
  world.c
D:\Documents\GitHub\Quakespasm-CVmod\Quake\world.c(1194,22): warning C4146: unary minus operator applied to unsigned type, result still unsigned
  zone.c
  Generating code
  3 of 2489 functions ( 0.1%) were compiled, the rest were copied from previous compilation.
    0 functions were new in current compilation
    109 functions had inline decision re-evaluated but remain unchanged
  Finished generating code
  quakespasm-sdl2.vcxproj -> D:\Games\GOG Games\Quakemod\Quakespasm-Spiked-Mod.exe
